<?xml version="1.0" encoding="UTF-8"?>
<robot generator="Robot 3.1.1 (Python 3.7.1 on win32)" generated="20190220 23:22:48.319" rpa="false">
<suite id="s1" name="Project" source="E:\Python_Project\PycharmProjects\rf_learn02\tests\project.robot">
<kw name="Log" library="BuiltIn" type="setup">
<doc>Logs the given message with the given level.</doc>
<arguments>
<arg>I am inside Test Suite Setup</arg>
</arguments>
<msg timestamp="20190220 23:22:48.520" level="INFO">I am inside Test Suite Setup</msg>
<status status="PASS" starttime="20190220 23:22:48.520" endtime="20190220 23:22:48.520"></status>
</kw>
<test id="s1-t1" name="My First RF Test Case">
<kw name="Log" library="BuiltIn" type="setup">
<doc>Logs the given message with the given level.</doc>
<arguments>
<arg>I am inside Test Case Setup</arg>
</arguments>
<msg timestamp="20190220 23:22:48.521" level="INFO">I am inside Test Case Setup</msg>
<status status="PASS" starttime="20190220 23:22:48.521" endtime="20190220 23:22:48.521"></status>
</kw>
<kw name="Set Tags" library="BuiltIn">
<doc>Adds given ``tags`` for the current test or all tests in a suite.</doc>
<arguments>
<arg>Regression</arg>
</arguments>
<msg timestamp="20190220 23:22:48.521" level="INFO">Set tag 'Regression'.</msg>
<status status="PASS" starttime="20190220 23:22:48.521" endtime="20190220 23:22:48.522"></status>
</kw>
<kw name="Log" library="BuiltIn">
<doc>Logs the given message with the given level.</doc>
<arguments>
<arg>Hello RobotFramework</arg>
</arguments>
<msg timestamp="20190220 23:22:48.522" level="INFO">Hello RobotFramework</msg>
<status status="PASS" starttime="20190220 23:22:48.522" endtime="20190220 23:22:48.522"></status>
</kw>
<kw name="Log" library="BuiltIn" type="teardown">
<doc>Logs the given message with the given level.</doc>
<arguments>
<arg>I am inside Test Case Teardown</arg>
</arguments>
<msg timestamp="20190220 23:22:48.523" level="INFO">I am inside Test Case Teardown</msg>
<status status="PASS" starttime="20190220 23:22:48.523" endtime="20190220 23:22:48.523"></status>
</kw>
<tags>
<tag>Regression</tag>
<tag>Sanity</tag>
</tags>
<status status="PASS" starttime="20190220 23:22:48.520" endtime="20190220 23:22:48.523" critical="yes"></status>
</test>
<kw name="Log" library="BuiltIn" type="teardown">
<doc>Logs the given message with the given level.</doc>
<arguments>
<arg>I am inside Test Suite Teardown</arg>
</arguments>
<msg timestamp="20190220 23:22:48.524" level="INFO">I am inside Test Suite Teardown</msg>
<status status="PASS" starttime="20190220 23:22:48.524" endtime="20190220 23:22:48.524"></status>
</kw>
<doc>Suite description</doc>
<status status="PASS" starttime="20190220 23:22:48.321" endtime="20190220 23:22:48.524"></status>
</suite>
<statistics>
<total>
<stat pass="1" fail="0">Critical Tests</stat>
<stat pass="1" fail="0">All Tests</stat>
</total>
<tag>
<stat pass="1" fail="0">Regression</stat>
<stat pass="1" fail="0">Sanity</stat>
</tag>
<suite>
<stat pass="1" fail="0" id="s1" name="Project">Project</stat>
</suite>
</statistics>
<errors>
</errors>
</robot>
